000 (1048873.000.000) 01/05 14:08:04 Job submitted from host: <144.92.142.172:9620?sock=19579_6233_3>
    DAG Node: 18252223+18252223
...
001 (1048873.000.000) 01/05 14:08:24 Job executing on host: <144.92.142.164:9620?sock=6115_bcb9_42>
...
006 (1048873.000.000) 01/05 14:08:32 Image size of job updated: 463312
	12  -  MemoryUsage of job (MB)
	11428  -  ResidentSetSize of job (KB)
...
006 (1048873.000.000) 01/05 14:13:33 Image size of job updated: 538376
	136  -  MemoryUsage of job (MB)
	138968  -  ResidentSetSize of job (KB)
...
006 (1048873.000.000) 01/05 14:18:33 Image size of job updated: 596892
	137  -  MemoryUsage of job (MB)
	139376  -  ResidentSetSize of job (KB)
...
006 (1048873.000.000) 01/05 14:23:33 Image size of job updated: 7214836
	1354  -  MemoryUsage of job (MB)
	1385836  -  ResidentSetSize of job (KB)
...
005 (1048873.000.000) 01/05 14:28:35 Job terminated.
	(1) Normal termination (return value 8)
		Usr 0 00:12:55, Sys 0 00:00:29  -  Run Remote Usage
		Usr 0 00:00:00, Sys 0 00:00:00  -  Run Local Usage
		Usr 0 00:12:55, Sys 0 00:00:29  -  Total Remote Usage
		Usr 0 00:00:00, Sys 0 00:00:00  -  Total Local Usage
	38561904  -  Run Bytes Sent By Job
	1411251  -  Run Bytes Received By Job
	38561904  -  Total Bytes Sent By Job
	1411251  -  Total Bytes Received By Job
	Partitionable Resources :    Usage  Request Allocated
	   Cpus                 :                 1         1
	   Disk (KB)            :  1169371  2000000  34968282
	   Memory (MB)          :     1354     2000      3228
...
000 (1048874.000.000) 01/05 14:28:45 Job submitted from host: <144.92.142.172:9620?sock=19579_6233_3>
    DAG Node: 18252223+18252223
...
001 (1048874.000.000) 01/05 14:28:48 Job executing on host: <144.92.142.164:9620?sock=6115_bcb9_42>
...
006 (1048874.000.000) 01/05 14:28:56 Image size of job updated: 425848
	11  -  MemoryUsage of job (MB)
	10584  -  ResidentSetSize of job (KB)
...
006 (1048874.000.000) 01/05 14:33:56 Image size of job updated: 538376
	139  -  MemoryUsage of job (MB)
	142136  -  ResidentSetSize of job (KB)
...
006 (1048874.000.000) 01/05 14:38:57 Image size of job updated: 596888
	139  -  MemoryUsage of job (MB)
	142136  -  ResidentSetSize of job (KB)
...
006 (1048874.000.000) 01/05 14:43:57 Image size of job updated: 7214836
	1367  -  MemoryUsage of job (MB)
	1398792  -  ResidentSetSize of job (KB)
...
005 (1048874.000.000) 01/05 14:48:00 Job terminated.
	(1) Normal termination (return value 8)
		Usr 0 00:10:55, Sys 0 00:00:21  -  Run Remote Usage
		Usr 0 00:00:00, Sys 0 00:00:00  -  Run Local Usage
		Usr 0 00:10:55, Sys 0 00:00:21  -  Total Remote Usage
		Usr 0 00:00:00, Sys 0 00:00:00  -  Total Local Usage
	38562144  -  Run Bytes Sent By Job
	1411251  -  Run Bytes Received By Job
	38562144  -  Total Bytes Sent By Job
	1411251  -  Total Bytes Received By Job
	Partitionable Resources :    Usage  Request Allocated
	   Cpus                 :                 1         1
	   Disk (KB)            :  1169371  2000000  34968282
	   Memory (MB)          :     1367     2000      3228
...
000 (1048875.000.000) 01/05 14:48:12 Job submitted from host: <144.92.142.172:9620?sock=19579_6233_3>
    DAG Node: 18252223+18252223
...
001 (1048875.000.000) 01/05 14:48:36 Job executing on host: <144.92.142.164:9620?sock=6115_bcb9_42>
...
006 (1048875.000.000) 01/05 14:48:44 Image size of job updated: 7
	3  -  MemoryUsage of job (MB)
	2432  -  ResidentSetSize of job (KB)
...
006 (1048875.000.000) 01/05 14:53:44 Image size of job updated: 577404
	139  -  MemoryUsage of job (MB)
	142152  -  ResidentSetSize of job (KB)
...
004 (1048875.000.000) 01/05 15:00:03 Job was evicted.
	(0) Job was not checkpointed.
		Usr 0 00:05:31, Sys 0 00:00:07  -  Run Remote Usage
		Usr 0 00:00:00, Sys 0 00:00:00  -  Run Local Usage
	0  -  Run Bytes Sent By Job
	1411251  -  Run Bytes Received By Job
	Partitionable Resources :    Usage  Request Allocated
	   Cpus                 :                 1         1
	   Disk (KB)            :  1169483  2000000  34968282
	   Memory (MB)          :      139     2000      3228
...
009 (1048875.000.000) 01/05 15:00:03 Job was aborted by the user.
	removed because <OtherJobRemoveRequirements = DAGManJobId == 1048872> fired when job (1048872.0) was removed
...
